2023-02-22T15:12:56.459+05:30  INFO 20184 --- [restartedMain] c.lti.demo.LtiSpringbootDemoApplication  : Starting LtiSpringbootDemoApplication using Java 17.0.3 with PID 20184 (C:\VamanCode\Eclipse_WS\lti-springboot-demo\target\classes started by DELL in C:\VamanCode\Eclipse_WS\lti-springboot-demo)
2023-02-22T15:12:56.459+05:30  INFO 20184 --- [restartedMain] c.lti.demo.LtiSpringbootDemoApplication  : No active profile set, falling back to 1 default profile: "default"
2023-02-22T15:12:56.528+05:30  INFO 20184 --- [restartedMain] o.s.b.w.embedded.tomcat.TomcatWebServer  : Tomcat initialized with port(s): 8090 (http)
2023-02-22T15:12:56.528+05:30  INFO 20184 --- [restartedMain] o.apache.catalina.core.StandardService   : Starting service [Tomcat]
2023-02-22T15:12:56.530+05:30  INFO 20184 --- [restartedMain] o.apache.catalina.core.StandardEngine    : Starting Servlet engine: [Apache Tomcat/10.1.5]
2023-02-22T15:12:56.538+05:30  INFO 20184 --- [restartedMain] o.a.c.c.C.[Tomcat].[localhost].[/]       : Initializing Spring embedded WebApplicationContext
2023-02-22T15:12:56.538+05:30  INFO 20184 --- [restartedMain] w.s.c.ServletWebServerApplicationContext : Root WebApplicationContext: initialization completed in 78 ms
2023-02-22T15:12:56.558+05:30  INFO 20184 --- [restartedMain] o.s.b.d.a.OptionalLiveReloadServer       : LiveReload server is running on port 35729
2023-02-22T15:12:56.561+05:30  INFO 20184 --- [restartedMain] o.s.b.w.embedded.tomcat.TomcatWebServer  : Tomcat started on port(s): 8090 (http) with context path ''
2023-02-22T15:12:56.562+05:30  INFO 20184 --- [restartedMain] c.lti.demo.LtiSpringbootDemoApplication  : Started LtiSpringbootDemoApplication in 0.129 seconds (process running for 2539.593)
2023-02-22T15:12:56.563+05:30  INFO 20184 --- [restartedMain] .ConditionEvaluationDeltaLoggingListener : Condition evaluation unchanged
2023-02-22T15:13:04.119+05:30  INFO 20184 --- [File Watcher] rtingClassPathChangeChangedEventListener : Restarting due to 9 class path changes (0 additions, 0 deletions, 9 modifications)
2023-02-22T15:13:04.148+05:30  INFO 20184 --- [Thread-67] o.apache.catalina.core.StandardService   : Stopping service [Tomcat]
2023-02-22T15:13:04.194+05:30  INFO 20184 --- [restartedMain] c.lti.demo.LtiSpringbootDemoApplication  : Starting LtiSpringbootDemoApplication using Java 17.0.3 with PID 20184 (C:\VamanCode\Eclipse_WS\lti-springboot-demo\target\classes started by DELL in C:\VamanCode\Eclipse_WS\lti-springboot-demo)
2023-02-22T15:13:04.194+05:30  INFO 20184 --- [restartedMain] c.lti.demo.LtiSpringbootDemoApplication  : No active profile set, falling back to 1 default profile: "default"
2023-02-22T15:13:04.260+05:30  INFO 20184 --- [restartedMain] o.s.b.w.embedded.tomcat.TomcatWebServer  : Tomcat initialized with port(s): 8090 (http)
2023-02-22T15:13:04.261+05:30  INFO 20184 --- [restartedMain] o.apache.catalina.core.StandardService   : Starting service [Tomcat]
2023-02-22T15:13:04.261+05:30  INFO 20184 --- [restartedMain] o.apache.catalina.core.StandardEngine    : Starting Servlet engine: [Apache Tomcat/10.1.5]
2023-02-22T15:13:04.267+05:30  INFO 20184 --- [restartedMain] o.a.c.c.C.[Tomcat].[localhost].[/]       : Initializing Spring embedded WebApplicationContext
2023-02-22T15:13:04.267+05:30  INFO 20184 --- [restartedMain] w.s.c.ServletWebServerApplicationContext : Root WebApplicationContext: initialization completed in 72 ms
2023-02-22T15:13:04.288+05:30  INFO 20184 --- [restartedMain] o.s.b.d.a.OptionalLiveReloadServer       : LiveReload server is running on port 35729
2023-02-22T15:13:04.292+05:30  INFO 20184 --- [restartedMain] o.s.b.w.embedded.tomcat.TomcatWebServer  : Tomcat started on port(s): 8090 (http) with context path ''
2023-02-22T15:13:04.293+05:30  INFO 20184 --- [restartedMain] c.lti.demo.LtiSpringbootDemoApplication  : Started LtiSpringbootDemoApplication in 0.111 seconds (process running for 2547.323)
2023-02-22T15:13:04.293+05:30  INFO 20184 --- [restartedMain] .ConditionEvaluationDeltaLoggingListener : Condition evaluation unchanged
2023-02-22T15:13:12.545+05:30  INFO 20184 --- [http-nio-8090-exec-1] o.a.c.c.C.[Tomcat].[localhost].[/]       : Initializing Spring DispatcherServlet 'dispatcherServlet'
2023-02-22T15:13:12.546+05:30  INFO 20184 --- [http-nio-8090-exec-1] o.s.web.servlet.DispatcherServlet        : Initializing Servlet 'dispatcherServlet'
2023-02-22T15:13:12.546+05:30  INFO 20184 --- [http-nio-8090-exec-1] o.s.web.servlet.DispatcherServlet        : Completed initialization in 0 ms
2023-02-22T15:13:12.548+05:30  INFO 20184 --- [http-nio-8090-exec-1] com.lti.demo.service.EmployeeService     : 102
2023-02-22T15:13:43.434+05:30  INFO 20184 --- [File Watcher] rtingClassPathChangeChangedEventListener : Restarting due to 1 class path change (0 additions, 0 deletions, 1 modification)
2023-02-22T15:13:43.462+05:30  INFO 20184 --- [Thread-71] o.apache.catalina.core.StandardService   : Stopping service [Tomcat]
2023-02-22T15:13:43.462+05:30  INFO 20184 --- [Thread-71] o.a.c.c.C.[Tomcat].[localhost].[/]       : Destroying Spring FrameworkServlet 'dispatcherServlet'
